
Showing logs for build [32mjenkins-x-labs-jenkins-x-versio-nvfsj-1[0m stage [32mchangelog[0m and container [32mstep-credential-initializer-76tr4[0m
{"level":"warn","ts":1585646562.4025679,"logger":"fallback-logger","caller":"logging/config.go:69","msg":"Fetch GitHub commit ID from kodata failed: \"ref: refs/heads/0.8.0-**-support-backwards-incompats\" is not a valid GitHub commit ID"}
{"level":"info","ts":1585646562.403556,"logger":"fallback-logger","caller":"creds-init/main.go:40","msg":"Credentials initialized."}

Showing logs for build [32mjenkins-x-labs-jenkins-x-versio-nvfsj-1[0m stage [32mchangelog[0m and container [32mstep-working-dir-initializer-p6trt[0m
{"level":"warn","ts":1585646563.4781547,"logger":"fallback-logger","caller":"logging/config.go:69","msg":"Fetch GitHub commit ID from kodata failed: open /var/run/ko/HEAD: no such file or directory"}
{"level":"info","ts":1585646563.479301,"logger":"fallback-logger","caller":"bash/main.go:64","msg":"Successfully executed command \"sh -c mkdir -p /workspace/source\"; output "}

Showing logs for build [32mjenkins-x-labs-jenkins-x-versio-nvfsj-1[0m stage [32mchangelog[0m and container [32mstep-place-tools[0m

Showing logs for build [32mjenkins-x-labs-jenkins-x-versio-nvfsj-1[0m stage [32mchangelog[0m and container [32mstep-git-source-jenkins-x-labs-jenkins-x-versio-nvfsj-dhl94[0m
{"level":"warn","ts":1585646655.591218,"logger":"fallback-logger","caller":"logging/config.go:69","msg":"Fetch GitHub commit ID from kodata failed: \"ref: refs/heads/0.8.0-**-support-backwards-incompats\" is not a valid GitHub commit ID"}
{"level":"info","ts":1585646657.160553,"logger":"fallback-logger","caller":"git/git.go:103","msg":"Successfully cloned https://github.com/jenkins-x-labs/jenkins-x-versions.git @ v2.0.102 in path /workspace/source"}

Showing logs for build [32mjenkins-x-labs-jenkins-x-versio-nvfsj-1[0m stage [32mchangelog[0m and container [32mstep-git-merge[0m
Using SHAs from PULL_REFS=master:88909b7c95573f0e5831ee8e28dbe9cc957df09d
WARNING: no SHAs to merge, falling back to initial cloned commit

Showing logs for build [32mjenkins-x-labs-jenkins-x-versio-nvfsj-1[0m stage [32mchangelog[0m and container [32mstep-get-jx-prerelease-state[0m

Showing logs for build [32mjenkins-x-labs-jenkins-x-versio-nvfsj-1[0m stage [32mchangelog[0m and container [32mstep-changelog[0m
Converted /workspace/source to an unshallow repository
DEBUG: Using helmBinary helm with feature flag: template-mode
Generating change log from git ref cc0b0d98138263bf3e0d4a1ca0fed2dc6c5110d8 => v2.0.102
DEBUG: merging pipeline secrets with local secrets
DEBUG: merging pipeline secrets with local secrets
WARNING: failed to find git commits between revision cc0b0d98138263bf3e0d4a1ca0fed2dc6c5110d8 and v2.0.102 due to: object not found
DEBUG: Found commits:
DEBUG: Generated release notes:


WARNING: No release found for jenkins-x-labs/jenkins-x-versions and tag v2.0.102 so creating a new release
Updated the release information at https://github.com/jenkins-x-labs/jenkins-x-versions/releases/tag/v2.0.102
Uploaded /workspace/source/dependency-matrix/matrix.yaml to release asset https://github.com/jenkins-x-labs/jenkins-x-versions/releases/download/v2.0.102/dependency-matrix.yaml
generated: /workspace/source/templates/release.yaml
Created Release jenkins-x-versions-2-0-102 resource in namespace **
Updating PipelineActivity jenkins-x-labs-jenkins-x-versions-master-1 with version 2.0.102
Updated PipelineActivities jenkins-x-labs-jenkins-x-versions-master-1 with release notes URL: https://github.com/jenkins-x-labs/jenkins-x-versions/releases/tag/v2.0.102

Showing logs for build [32mjenkins-x-labs-jenkins-x-versio-nvfsj-1[0m stage [32mchangelog[0m and container [32mstep-release-jx[0m
+ export GH_OWNER=jenkins-x
+ GH_OWNER=jenkins-x
+ export GH_REPO=**
+ GH_REPO=**
++ sed 's:^.*jenkins-x\/**.*\[\([0-9.]*\)\].*$:\1:;t;d' ./dependency-matrix/matrix.md
+ export JX_VERSION=2.0.1245
+ JX_VERSION=2.0.1245
+ [[ 2.0.1245 =~ ^[0-9]*\.[0-9]*\.[0-9]*$ ]]
+ ** step update release-status github --owner jenkins-x --repository ** --version 2.0.1245 --prerelease=false

Showing logs for build [32mjenkins-x-labs-jenkins-x-versio-nvfsj-1[0m stage [32mchangelog[0m and container [32mstep-update-jx-bot[0m

Showing logs for build [32mjenkins-x-labs-jenkins-x-versio-nvfsj-1[0m stage [32mchangelog[0m and container [32mstep-update-jx-website[0m
