
Showing logs for build [32mjenkins-x-labs-jenkins-x-versio-lb8td-3[0m stage [32mchangelog[0m and container [32mstep-credential-initializer-kghvr[0m
{"level":"warn","ts":1584700822.2978425,"logger":"fallback-logger","caller":"logging/config.go:69","msg":"Fetch GitHub commit ID from kodata failed: \"ref: refs/heads/0.8.0-**-support-backwards-incompats\" is not a valid GitHub commit ID"}
{"level":"info","ts":1584700822.2987947,"logger":"fallback-logger","caller":"creds-init/main.go:40","msg":"Credentials initialized."}

Showing logs for build [32mjenkins-x-labs-jenkins-x-versio-lb8td-3[0m stage [32mchangelog[0m and container [32mstep-working-dir-initializer-cqfzd[0m
{"level":"warn","ts":1584700823.2973235,"logger":"fallback-logger","caller":"logging/config.go:69","msg":"Fetch GitHub commit ID from kodata failed: open /var/run/ko/HEAD: no such file or directory"}
{"level":"info","ts":1584700823.2990434,"logger":"fallback-logger","caller":"bash/main.go:64","msg":"Successfully executed command \"sh -c mkdir -p /workspace/source\"; output "}

Showing logs for build [32mjenkins-x-labs-jenkins-x-versio-lb8td-3[0m stage [32mchangelog[0m and container [32mstep-place-tools[0m

Showing logs for build [32mjenkins-x-labs-jenkins-x-versio-lb8td-3[0m stage [32mchangelog[0m and container [32mstep-git-source-jenkins-x-labs-jenkins-x-versio-lb8td-g9l8t[0m
{"level":"warn","ts":1584700829.493078,"logger":"fallback-logger","caller":"logging/config.go:69","msg":"Fetch GitHub commit ID from kodata failed: \"ref: refs/heads/0.8.0-**-support-backwards-incompats\" is not a valid GitHub commit ID"}
{"level":"info","ts":1584700830.8790352,"logger":"fallback-logger","caller":"git/git.go:103","msg":"Successfully cloned https://github.com/jenkins-x-labs/jenkins-x-versions.git @ v2.0.57 in path /workspace/source"}

Showing logs for build [32mjenkins-x-labs-jenkins-x-versio-lb8td-3[0m stage [32mchangelog[0m and container [32mstep-git-merge[0m
Using SHAs from PULL_REFS=master:f0137e240b194c07eb7c0cd6802c86f8a3b18b54
WARNING: no SHAs to merge, falling back to initial cloned commit

Showing logs for build [32mjenkins-x-labs-jenkins-x-versio-lb8td-3[0m stage [32mchangelog[0m and container [32mstep-get-jx-prerelease-state[0m

Showing logs for build [32mjenkins-x-labs-jenkins-x-versio-lb8td-3[0m stage [32mchangelog[0m and container [32mstep-changelog[0m
Converted /workspace/source to an unshallow repository
DEBUG: Using helmBinary helm with feature flag: template-mode
Generating change log from git ref 384aa1a76e5a4e08408632771dd549b8f7592796 => v2.0.57
DEBUG: merging pipeline secrets with local secrets
DEBUG: merging pipeline secrets with local secrets
WARNING: failed to find git commits between revision 384aa1a76e5a4e08408632771dd549b8f7592796 and v2.0.57 due to: object not found
DEBUG: Found commits:
DEBUG: Generated release notes:


WARNING: No release found for jenkins-x-labs/jenkins-x-versions and tag v2.0.57 so creating a new release
Updated the release information at https://github.com/jenkins-x-labs/jenkins-x-versions/releases/tag/v2.0.57
Uploaded /workspace/source/dependency-matrix/matrix.yaml to release asset https://github.com/jenkins-x-labs/jenkins-x-versions/releases/download/v2.0.57/dependency-matrix.yaml
generated: /workspace/source/templates/release.yaml
Created Release jenkins-x-versions-2-0-57 resource in namespace **
Updating PipelineActivity jenkins-x-labs-jenkins-x-versions-master-3 with version 2.0.57
Updated PipelineActivities jenkins-x-labs-jenkins-x-versions-master-3 with release notes URL: https://github.com/jenkins-x-labs/jenkins-x-versions/releases/tag/v2.0.57

Showing logs for build [32mjenkins-x-labs-jenkins-x-versio-lb8td-3[0m stage [32mchangelog[0m and container [32mstep-release-jx[0m
+ export GH_OWNER=jenkins-x
+ GH_OWNER=jenkins-x
+ export GH_REPO=**
+ GH_REPO=**
++ sed 's:^.*jenkins-x\/**.*\[\([0-9.]*\)\].*$:\1:;t;d' ./dependency-matrix/matrix.md
+ export JX_VERSION=2.0.1245
+ JX_VERSION=2.0.1245
+ [[ 2.0.1245 =~ ^[0-9]*\.[0-9]*\.[0-9]*$ ]]
+ ** step update release-status github --owner jenkins-x --repository ** --version 2.0.1245 --prerelease=false

Showing logs for build [32mjenkins-x-labs-jenkins-x-versio-lb8td-3[0m stage [32mchangelog[0m and container [32mstep-update-jx-bot[0m

Showing logs for build [32mjenkins-x-labs-jenkins-x-versio-lb8td-3[0m stage [32mchangelog[0m and container [32mstep-update-jx-website[0m
